<?xml version="1.0" encoding="UTF-8"?>
<!-- Generated by org.testng.reporters.JUnitReportReporter -->
<testsuite hostname="DESKTOP-M43QLOG" failures="0" tests="1" name="pom.testcases.TC001" time="36.181" errors="0" timestamp="25 May 2023 15:17:18 GMT">
  <testcase classname="pom.testcases.TC001" name="tc001" time="36.181"/>
</testsuite> <!-- pom.testcases.TC001 -->
