<?xml version="1.0" encoding="UTF-8"?>
<!-- Generated by org.testng.reporters.JUnitReportReporter -->
<testsuite hostname="DESKTOP-M43QLOG" failures="0" tests="1" name="pom.testcases.TC003" time="39.020" errors="0" timestamp="25 May 2023 15:20:10 GMT">
  <testcase classname="pom.testcases.TC003" name="tc003" time="39.020"/>
</testsuite> <!-- pom.testcases.TC003 -->
