<?xml version="1.0" encoding="UTF-8"?>
<!-- Generated by org.testng.reporters.JUnitReportReporter -->
<testsuite hostname="DESKTOP-M43QLOG" failures="0" tests="1" name="pom.testcases.TC004" time="43.012" errors="0" timestamp="25 May 2023 15:17:18 GMT">
  <testcase classname="pom.testcases.TC004" name="tc004" time="43.012"/>
</testsuite> <!-- pom.testcases.TC004 -->
