<?xml version="1.0" encoding="UTF-8"?>
<!-- Generated by org.testng.reporters.JUnitReportReporter -->
<testsuite hostname="DESKTOP-M43QLOG" failures="0" tests="1" name="utilities.HTMLReporter_Practice" time="0.938" errors="0" timestamp="22 May 2023 15:22:24 GMT">
  <testcase classname="utilities.HTMLReporter_Practice" name="reports" time="0.938"/>
</testsuite> <!-- utilities.HTMLReporter_Practice -->
